<?xml version="1.0" encoding="utf-8"?><testsuites><testsuite name="pytest" errors="0" failures="0" skipped="0" tests="28" time="0.985" timestamp="2024-12-28T12:27:04.554902-06:00" hostname="GCWGF4726C"><testcase classname="livecoding.test_base_types" name="test_duration_add" time="0.001" /><testcase classname="livecoding.test_base_types" name="test_duration_division" time="0.000" /><testcase classname="livecoding.test_base_types" name="test_duration_eq" time="0.000" /><testcase classname="livecoding.test_base_types" name="test_duration_gt" time="0.000" /><testcase classname="livecoding.test_base_types" name="test_duration_lt" time="0.000" /><testcase classname="livecoding.test_base_types" name="test_duration_subtraction" time="0.000" /><testcase classname="livecoding.test_base_types" name="test_duration_str" time="0.000" /><testcase classname="livecoding.test_base_types" name="test_event_json" time="0.000" /><testcase classname="livecoding.test_base_types" name="test_note_eq" time="0.000" /><testcase classname="livecoding.test_base_types" name="test_duration_json" time="0.000" /><testcase classname="livecoding.test_base_types" name="test_note_json" time="0.000" /><testcase classname="livecoding.test_base_types" name="test_pattern_json" time="0.101" /><testcase classname="livecoding.test_base_types" name="test_pattern_add" time="0.014" /><testcase classname="livecoding.test_base_types" name="test_pattern_mul" time="0.012" /><testcase classname="livecoding.test_grammar" name="test_pattern_with_just_notes" time="0.009" /><testcase classname="livecoding.test_grammar" name="test_pattern_with_notes_and_velocities" time="0.026" /><testcase classname="livecoding.test_grammar" name="test_nested_pattern_with_just_notes" time="0.020" /><testcase classname="livecoding.test_grammar" name="test_nested_pattern_with_notes_and_velocities" time="0.039" /><testcase classname="livecoding.test_grammar" name="test_nested_pattern_with_notes_and_velocities_and_newlines" time="0.039" /><testcase classname="livecoding.test_pattern" name="test_rev" time="0.022" /><testcase classname="livecoding.test_pattern" name="test_transpose" time="0.016" /><testcase classname="livecoding.test_pattern" name="test_rot_right" time="0.022" /><testcase classname="livecoding.test_pattern" name="test_rot_left" time="0.022" /><testcase classname="livecoding.test_plugin" name="test_livecoding_duration_addition" time="0.000" /><testcase classname="livecoding.test_plugin" name="test_livecoding_duration_mult" time="0.000" /><testcase classname="livecoding.test_plugin" name="test_livecoding_duration_division" time="0.000" /><testcase classname="livecoding.test_plugin" name="test_note_pattern_simple" time="0.010" /><testcase classname="livecoding.test_plugin" name="test_note_pattern_nested" time="0.019" /></testsuite></testsuites>